2024-11-11T05:52:04.872Z - user with Vishal Agrahari , Vishal wdwedwedwed,1234567890,vishalagraharibasti@gmail.com & 7570882970 started register
2024-11-11T05:52:05.681Z - user with Vishal Agrahari is saved and verification is sent on email vishalagraharibasti@gmail.com
2024-11-11T06:01:46.628Z - connection sucessfull 5000
2024-11-11T06:02:53.284Z - entered in auth route
2024-11-11T06:02:55.724Z - connection sucessfull 5000
2024-11-11T06:36:38.444Z - entered in auth route
2024-11-11T06:36:41.083Z - connection sucessfull 5000
2024-11-11T06:37:40.690Z - entered in auth route
2024-11-11T06:37:43.104Z - connection sucessfull 5000
2024-11-11T06:41:00.978Z - entered in auth route
2024-11-11T06:41:03.353Z - connection sucessfull 5000
2024-11-11T06:43:25.007Z - entered in auth route
2024-11-11T06:43:27.394Z - connection sucessfull 5000
2024-11-11T06:44:13.845Z - userInput v.ag757@gmail.com,password zxcvbnml started login
2024-11-11T06:44:14.077Z - user is not exist
2024-11-11T06:45:54.755Z - entered in auth route
2024-11-11T06:45:57.191Z - connection sucessfull 5000
2024-11-11T06:46:07.599Z - userInput v.ag757@gmail.com,password zxcvbnml started login
2024-11-11T06:46:07.829Z - user is not exist
2024-11-11T06:47:14.447Z - entered in auth route
2024-11-11T06:47:17.800Z - connection sucessfull 5000
2024-11-11T06:47:28.140Z - userInput v.ag757@gmail.com,password zxcvbnml started login
2024-11-11T06:47:28.366Z - user is not exist
2024-11-11T06:47:53.045Z - entered in auth route
2024-11-11T06:47:55.479Z - connection sucessfull 5000
2024-11-11T06:47:56.851Z - userInput v.ag7570@gmail.com,password zxcvbnml started login
2024-11-11T06:47:57.154Z - Invalid Password for false
2024-11-11T06:48:27.550Z - userInput v.ag7570@gmail.com,password 7570882970 started login
2024-11-11T06:48:27.850Z - login successfull for true
2024-11-11T06:49:19.935Z - entered in auth route
2024-11-11T06:49:22.282Z - connection sucessfull 5000
2024-11-11T06:49:36.480Z - userInput v.ag7570@gmail.com,password 7570882970 started login
2024-11-11T06:49:36.826Z - login successfull for v.ag7570@gmail.com
2024-11-11T07:18:27.823Z - entered in auth route
2024-11-11T07:18:30.089Z - connection sucessfull 5000
